<?xml version="1.0" encoding="UTF-8"?>
<!-- Generated by org.testng.reporters.JUnitXMLReporter -->
<testsuite hostname="sauron" ignored="0" name="MyTest1" tests="3" failures="0" timestamp="23 Jun 2021 08:42:50 GMT" time="1.175" errors="0">
  <testcase name="@BeforeSuite setUp" time="0.0" classname="Base.TestBase">
    <failure type="java.lang.NullPointerException">
      <![CDATA[java.lang.NullPointerException
	at Base.TestBase.setUp(TestBase.java:30)
... Removed 19 stack frames]]>
    </failure>
  </testcase> <!-- @BeforeSuite setUp -->
  <testcase name="testLogin" time="0.0" classname="rpugh.TestReader">
    <skipped/>
  </testcase> <!-- testLogin -->
  <testcase name="testLogin" time="0.0" classname="rpugh.TestReader">
    <skipped/>
  </testcase> <!-- testLogin -->
  <testcase name="testLogin" time="0.0" classname="rpugh.TestReader">
    <skipped/>
  </testcase> <!-- testLogin -->
</testsuite> <!-- MyTest1 -->
