<?xml version="1.0" encoding="UTF-8"?>
<!-- Generated by org.testng.reporters.JUnitXMLReporter -->
<testsuite hostname="sauron" ignored="3" name="Default test" tests="1" failures="0" timestamp="13 Jul 2021 11:49:19 GMT" time="65.102" errors="0">
  <testcase name="searchingText" time="64.658" classname="ApplicationTestCases.LoginPageTestcase"/>
  <testcase name="logOut" time="0.0" classname="ApplicationTestCases.LoginPageTestcase">
    <ignored/>
  </testcase> <!-- logOut -->
  <testcase name="searchAndOpenItem" time="0.0" classname="ApplicationTestCases.LoginPageTestcase">
    <ignored/>
  </testcase> <!-- searchAndOpenItem -->
  <testcase name="login" time="0.0" classname="ApplicationTestCases.LoginPageTestcase">
    <ignored/>
  </testcase> <!-- login -->
</testsuite> <!-- Default test -->
