<?xml version="1.0" encoding="UTF-8"?>
<testsuite name="MyTest1"
           tests="2"
           failures="1"
           errors="0"
           skipped="1"
           time="0.000">
  <properties />
            <testcase name="setUp" time="0.000" classname="Base.TestBase">
                <failure type="java.lang.NullPointerException"
                  message="(null)"
              >
<![CDATA[java.lang.NullPointerException
  Base.TestBase.setUp(TestBase.java:29)
  sun.reflect.NativeMethodAccessorImpl.invoke0(Native Method)
  sun.reflect.NativeMethodAccessorImpl.invoke(NativeMethodAccessorImpl.java:62)
  sun.reflect.DelegatingMethodAccessorImpl.invoke(DelegatingMethodAccessorImpl.java:43)
  java.lang.reflect.Method.invoke(Method.java:498)
  org.testng.internal.MethodInvocationHelper.invokeMethod(MethodInvocationHelper.java:104)
  org.testng.internal.Invoker.invokeConfigurationMethod(Invoker.java:515)
  org.testng.internal.Invoker.invokeConfigurations(Invoker.java:217)
  org.testng.internal.Invoker.invokeConfigurations(Invoker.java:144)
  org.testng.SuiteRunner.privateRun(SuiteRunner.java:326)
  org.testng.SuiteRunner.run(SuiteRunner.java:289)
  org.testng.SuiteRunnerWorker.runSuite(SuiteRunnerWorker.java:52)
  org.testng.SuiteRunnerWorker.run(SuiteRunnerWorker.java:86)
  org.testng.TestNG.runSuitesSequentially(TestNG.java:1293)
  org.testng.TestNG.runSuitesLocally(TestNG.java:1218)
  org.testng.TestNG.runSuites(TestNG.java:1133)
  org.testng.TestNG.run(TestNG.java:1104)
  org.testng.remote.AbstractRemoteTestNG.run(AbstractRemoteTestNG.java:132)
  org.testng.remote.RemoteTestNG.initAndRun(RemoteTestNG.java:236)
  org.testng.remote.RemoteTestNG.main(RemoteTestNG.java:81)
]]>
      </failure>

          </testcase>
  
            <testcase name="tearDown" time="0.0" classname="Base.TestBase">
          <skipped />
    </testcase>
  
  
</testsuite>
